<?xml version="1.0" encoding="UTF-8"?>
<!-- Generated by org.testng.reporters.JUnitReportReporter -->
<testsuite hostname="DESKTOP-J5TRUJL" failures="0" tests="1" name="elements.Prirotization2" time="0.009" errors="0" timestamp="2024-03-03T18:34:11 IST" skipped="0">
  <testcase classname="elements.Prirotization2" name="Kalakatta" time="0.009"/>
  <system-out/>
</testsuite> <!-- elements.Prirotization2 -->
