<?xml version="1.0" encoding="UTF-8"?>
<!-- Generated by org.testng.reporters.JUnitReportReporter -->
<testsuite hostname="DESKTOP-J5TRUJL" failures="0" tests="1" name="test_NG.Suite2" time="4.341" errors="0" timestamp="2024-04-18T10:55:01 IST" skipped="0">
  <testcase classname="test_NG.Suite2" name="mid" time="4.341"/>
  <system-out/>
</testsuite> <!-- test_NG.Suite2 -->
