<?xml version="1.0" encoding="UTF-8"?>
<!-- Generated by org.testng.reporters.JUnitReportReporter -->
<testsuite hostname="DESKTOP-J5TRUJL" failures="0" tests="1" name="elements.Prioritywisemethods" time="0.014" errors="0" timestamp="2024-03-03T18:23:27 IST" skipped="0">
  <testcase classname="elements.Prioritywisemethods" name="Hydrabad" time="0.014"/>
  <system-out/>
</testsuite> <!-- elements.Prioritywisemethods -->
