<?xml version="1.0" encoding="UTF-8"?>
<!-- Generated by org.testng.reporters.JUnitReportReporter -->
<testsuite hostname="DESKTOP-J5TRUJL" failures="0" tests="4" name="elements.Prioritization3" time="0.042" errors="0" timestamp="2024-03-04T08:54:08 IST" skipped="0">
  <testcase classname="elements.Prioritization3" name="Chitturu" time="0.006"/>
  <system-out/>
  <testcase classname="elements.Prioritization3" name="Kalakatta" time="0.003"/>
  <system-out/>
  <testcase classname="elements.Prioritization3" name="Amerpet" time="0.027"/>
  <system-out/>
  <testcase classname="elements.Prioritization3" name="Hydrabad" time="0.006"/>
  <system-out/>
</testsuite> <!-- elements.Prioritization3 -->
