<?xml version="1.0" encoding="UTF-8"?>
<!-- Generated by org.testng.reporters.JUnitReportReporter -->
<testsuite hostname="DESKTOP-J5TRUJL" failures="0" tests="4" name="elements.Prioritization4" time="0.053" errors="0" timestamp="2024-03-04T08:56:34 IST" skipped="0">
  <testcase classname="elements.Prioritization4" name="Chitturu" time="0.005"/>
  <system-out/>
  <testcase classname="elements.Prioritization4" name="Kalakatta" time="0.004"/>
  <system-out/>
  <testcase classname="elements.Prioritization4" name="Amerpet" time="0.041"/>
  <system-out/>
  <testcase classname="elements.Prioritization4" name="Hydrabad" time="0.003"/>
  <system-out/>
</testsuite> <!-- elements.Prioritization4 -->
